<?xml version="1.0" encoding="UTF-8"?>
<testsuites>
    <testsuite name="force.apex" timestamp="2020-06-23T17:24:39-04:00" hostname="https://syngentacanada--full.my.salesforce.com" tests="4" failures="1"  errors="0"  time="19.77">
        <properties>
            <property name="outcome" value="Failed"/>
            <property name="testsRan" value="4"/>
            <property name="passing" value="3"/>
            <property name="failing" value="1"/>
            <property name="skipped" value="0"/>
            <property name="passRate" value="75%"/>
            <property name="failRate" value="25%"/>
            <property name="testStartTime" value="Jun 23, 2020 5:24 PM"/>
            <property name="testExecutionTime" value="19.77 s"/>
            <property name="testTotalTime" value="19.77 s"/>
            <property name="commandTime" value="41.77 s"/>
            <property name="hostname" value="https://syngentacanada--full.my.salesforce.com"/>
            <property name="orgId" value="00D6300000024c2EAA"/>
            <property name="username" value="aakash.sidana@syngenta.com.full"/>
            <property name="testRunId" value="7076300001Vq2Vr"/>
            <property name="userId" value="0053m00000AlyrWAAR"/>
            <property name="testRunCoverage" value="81%"/>
            <property name="orgWideCoverage" value="80%"/>
        </properties>
        <testcase name="testCallout" classname="CalloutClassTest" time="0.03">
            <failure message="System.AssertException: Assertion Failed: Expected: &amp;email=trevor.cornfield@syngenta.com&amp;password=r919_B4I&amp;user_key=cd215fdd852b6c7e19038b14900d2f64, Actual: email=trevor.cornfield@syngenta.com&amp;password=r919_B4I&amp;user_key=cd215fdd852b6c7e19038b14900d2f64"><![CDATA[Class.CalloutClassTest.testCallout: line 22, column 1]]></failure>
        </testcase>
        <testcase name="runTest" classname="Contact_TriggerTest" time="6.92">
        </testcase>
        <testcase name="runTest" classname="Contact_TriggerTest2" time="6.97">
        </testcase>
        <testcase name="runTest" classname="Contact_Trigger_Primary_Contact_Test" time="5.86">
        </testcase>
    </testsuite>
</testsuites>
