<?xml version="1.0" encoding="UTF-8"?>
<testsuites>
    <testsuite name="force.apex" timestamp="2020-06-25T17:14:31-04:00" hostname="https://syngentacanada--full.my.salesforce.com" tests="5" failures="1"  errors="0"  time="22.27">
        <properties>
            <property name="outcome" value="Failed"/>
            <property name="testsRan" value="5"/>
            <property name="passing" value="4"/>
            <property name="failing" value="1"/>
            <property name="skipped" value="0"/>
            <property name="passRate" value="80%"/>
            <property name="failRate" value="20%"/>
            <property name="testStartTime" value="Jun 25, 2020 5:14 PM"/>
            <property name="testExecutionTime" value="22.27 s"/>
            <property name="testTotalTime" value="22.27 s"/>
            <property name="commandTime" value="127.25 s"/>
            <property name="hostname" value="https://syngentacanada--full.my.salesforce.com"/>
            <property name="orgId" value="00D6300000024c2EAA"/>
            <property name="username" value="aakash.sidana@syngenta.com.full"/>
            <property name="testRunId" value="7076300001Vx4de"/>
            <property name="userId" value="0053m00000AlyrWAAR"/>
            <property name="testRunCoverage" value="81%"/>
            <property name="orgWideCoverage" value="75%"/>
        </properties>
        <testcase name="testCallout" classname="CalloutClassTest" time="3.6">
            <failure message="System.AssertException: Assertion Failed: Expected: https://pi.pardot.com/api/login/version/3, Actual: https://pi.pardot.com/api/prospect/version/4/do/update/fid/0036300000aFYYoAAO"><![CDATA[Class.HttpCalloutLoginMock.respond: line 13, column 1
Class.Contact_TriggerHandler.resetDoNotEmail: line 506, column 1]]></failure>
        </testcase>
        <testcase name="runTest" classname="Contact_TriggerTest" time="7.74">
        </testcase>
        <testcase name="runTest1" classname="Contact_TriggerTest" time="0.01">
        </testcase>
        <testcase name="runTest" classname="Contact_TriggerTest2" time="4.23">
        </testcase>
        <testcase name="runTest" classname="Contact_Trigger_Primary_Contact_Test" time="6.69">
        </testcase>
    </testsuite>
</testsuites>
