<?xml version="1.0" encoding="UTF-8"?>
<testsuites>
    <testsuite name="force.apex" timestamp="2020-06-11T09:36:52-04:00" hostname="https://syngentacanada--full.my.salesforce.com" tests="89" failures="3"  errors="0"  time="185.91">
        <properties>
            <property name="outcome" value="Failed"/>
            <property name="testsRan" value="89"/>
            <property name="passing" value="86"/>
            <property name="failing" value="3"/>
            <property name="skipped" value="0"/>
            <property name="passRate" value="97%"/>
            <property name="failRate" value="3%"/>
            <property name="testStartTime" value="Jun 11, 2020 9:36 AM"/>
            <property name="testExecutionTime" value="185.91 s"/>
            <property name="testTotalTime" value="185.91 s"/>
            <property name="commandTime" value="346.55 s"/>
            <property name="hostname" value="https://syngentacanada--full.my.salesforce.com"/>
            <property name="orgId" value="00D2g0000008aPPEAY"/>
            <property name="username" value="aakash.sidana@syngenta.com.full"/>
            <property name="testRunId" value="7072g00000GzIsb"/>
            <property name="userId" value="0053m00000AlyrWAAR"/>
            <property name="testRunCoverage" value="79%"/>
            <property name="orgWideCoverage" value="74%"/>
        </properties>
        <testcase name="controllerTest" classname="AccountDetails_Acreage_ControllerTest" time="1.84">
        </testcase>
        <testcase name="controllerTest" classname="AccountDetails_PurchHist_ControllerTest" time="0.85">
        </testcase>
        <testcase name="runPreferredStatusTest" classname="Account_TriggerTest" time="4.29">
        </testcase>
        <testcase name="validateBusinessPlanDuplicates" classname="BusinessPlanTriggerHandlerTest" time="1.97">
        </testcase>
        <testcase name="addNewLeadAction" classname="campaignCheckInControllerTest" time="0.88">
        </testcase>
        <testcase name="fetchCampaign" classname="campaignCheckInControllerTest" time="0.31">
        </testcase>
        <testcase name="fetchCampaignMembers" classname="campaignCheckInControllerTest" time="1.52">
        </testcase>
        <testcase name="fetchCampaigns" classname="campaignCheckInControllerTest" time="0.1">
        </testcase>
        <testcase name="getCampaignAttendeeCount" classname="campaignCheckInControllerTest" time="1.63">
        </testcase>
        <testcase name="getContactName" classname="campaignCheckInControllerTest" time="0.7">
        </testcase>
        <testcase name="getLeadName" classname="campaignCheckInControllerTest" time="0.55">
        </testcase>
        <testcase name="insertCampaignMember" classname="campaignCheckInControllerTest" time="1.14">
        </testcase>
        <testcase name="insertNewLeadCampaignMember" classname="campaignCheckInControllerTest" time="0.96">
        </testcase>
        <testcase name="searchContactsAndLeads" classname="campaignCheckInControllerTest" time="0.91">
        </testcase>
        <testcase name="updateMemberStatus" classname="campaignCheckInControllerTest" time="1.76">
        </testcase>
        <testcase name="validateContact" classname="campaignCheckInControllerTest" time="1.2">
        </testcase>
        <testcase name="commentMergeTest" classname="CaseCommentConverterTest" time="1.58">
        </testcase>
        <testcase name="controllerTest" classname="ChequeRun_ControllerTest" time="5.83">
        </testcase>
        <testcase name="runTest" classname="ChequeRun_TriggerTest" time="2.79">
        </testcase>
        <testcase name="testMethod1" classname="CommTech_ProjectsTriggerTest" time="0.55">
        </testcase>
        <testcase name="testConsolidated" classname="ConsolidatedOLIHandlerTest" time="1.06">
        </testcase>
        <testcase name="testConsolidated1" classname="ConsolidatedOLIHandlerTest" time="0.36">
        </testcase>
        <testcase name="runTest" classname="Contact_TriggerTest" time="2.54">
        </testcase>
        <testcase name="runTest" classname="Contact_TriggerTest2" time="4.33">
        </testcase>
        <testcase name="runTest" classname="Contact_Trigger_Primary_Contact_Test" time="6.07">
        </testcase>
        <testcase name="testMethod1" classname="ContentDocumentLinkTriggerHandlerTest" time="2.64">
        </testcase>
        <testcase name="runTest" classname="CropAcreage_TriggerTest" time="3">
        </testcase>
        <testcase name="testDelete" classname="CropAcreage_TriggerTest" time="1.34">
        </testcase>
        <testcase name="testdrilldown" classname="CTR_Product_Drill_Down_CA_Test" time="1.36">
            <failure message="System.DmlException: Insert failed. First exception on row 0; first error: STANDARD_PRICE_NOT_DEFINED, No standard price defined for this product: []"><![CDATA[Class.CTR_Product_Drill_Down_CA_Test.testdrilldown: line 106, column 1]]></failure>
        </testcase>
        <testcase name="BatchDistributortoCUPlanTest" classname="DistributortoCUPlanTest" time="3.89">
        </testcase>
        <testcase name="BatchDistributortoCUPlanTest1" classname="DistributortoCUPlanTest" time="2.91">
        </testcase>
        <testcase name="BatchDistributortoCUPlanTest2" classname="DistributortoCUPlanTest" time="3.09">
        </testcase>
        <testcase name="DistributortoCUTest" classname="DistributortoCUPlanTest" time="3.27">
        </testcase>
        <testcase name="DistributortoCUTest1" classname="DistributortoCUPlanTest" time="3.1">
        </testcase>
        <testcase name="runTest" classname="Forecast_Kickstart_TriggerTest" time="2.46">
        </testcase>
        <testcase name="runTest" classname="FoundationCustomer_TriggerTest" time="3.79">
        </testcase>
        <testcase name="testGridbuddy" classname="GB_BPHelper_Test" time="2.07">
        </testcase>
        <testcase name="testGridbuddy" classname="GB_Helper_Test" time="1.68">
        </testcase>
        <testcase name="GetRecordTypeIdsByDeveloperNameTest" classname="GenericUtilsTest" time="0.12">
        </testcase>
        <testcase name="testAll" classname="GridAjaxDelegatorTest" time="0.1">
        </testcase>
        <testcase name="testLead1" classname="Lead_TriggerTest" time="1.58">
        </testcase>
        <testcase name="testLead2" classname="Lead_TriggerTest" time="1.78">
        </testcase>
        <testcase name="runTest" classname="MassUpdater_Async_Test" time="0.02">
        </testcase>
        <testcase name="updateOpportunityLineItemspa" classname="OpportunityLineItemSPATest" time="2.12">
        </testcase>
        <testcase name="populateOLIHandlerTest" classname="populateOLIHandlerTest" time="4.78">
        </testcase>
        <testcase name="populateOLIHandlerTest1" classname="populateOLIHandlerTest" time="2.35">
        </testcase>
        <testcase name="populateOLIHandlerTest2" classname="populateOLIHandlerTest" time="3.13">
        </testcase>
        <testcase name="populateOLIHandlerTest3" classname="populateOLIHandlerTest" time="2.49">
        </testcase>
        <testcase name="populateOLIHandlerTest4" classname="populateOLIHandlerTest" time="3.25">
        </testcase>
        <testcase name="populateOLIHandlerTest5" classname="populateOLIHandlerTest" time="2.77">
        </testcase>
        <testcase name="populateOLIHandlerTest6" classname="populateOLIHandlerTest" time="0.94">
            <failure message="System.QueryException: List has no rows for assignment to SObject"><![CDATA[Class.populateOLIHandlerTest.populateOLIHandlerTest6: line 1012, column 1]]></failure>
        </testcase>
        <testcase name="testPriceListTriggerHandler" classname="PriceListTriggerHandlerTest" time="3.51">
        </testcase>
        <testcase name="runTest" classname="Programs_TriggerTest" time="2">
        </testcase>
        <testcase name="RetailertoDistributorTest" classname="RetailertoDistributorTest" time="4.2">
        </testcase>
        <testcase name="RetailertoDistributorTest1" classname="RetailertoDistributorTest" time="1.28">
        </testcase>
        <testcase name="BatchRetailertoHeadOfficeTest1" classname="RetailertoHeadOfficeTest" time="3.92">
        </testcase>
        <testcase name="BatchRetailertoHeadOfficeTest2" classname="RetailertoHeadOfficeTest" time="0.99">
        </testcase>
        <testcase name="RetailertoHeadOfficeTest" classname="RetailertoHeadOfficeTest" time="3.27">
        </testcase>
        <testcase name="RetailertoHeadOfficeTest1" classname="RetailertoHeadOfficeTest" time="3.09">
        </testcase>
        <testcase name="RetailertoHeadOfficeTest2" classname="RetailertoHeadOfficeTest" time="2.17">
        </testcase>
        <testcase name="SalesPlanControllerTest" classname="SalesPlanControllerTest" time="2.25">
        </testcase>
        <testcase name="SalesPlanControllerTest1" classname="SalesPlanControllerTest" time="0.71">
        </testcase>
        <testcase name="SalesPlanControllerTest2" classname="SalesPlanControllerTest" time="3.28">
        </testcase>
        <testcase name="testSalesPlanCreation" classname="SalesPlanCreationHandlerTest" time="3.62">
        </testcase>
        <testcase name="testSalesPlanCreationHandler" classname="SalesPlanCreationHandlerTest" time="2.54">
        </testcase>
        <testcase name="UpdateDSPRelatedPlanTest" classname="SalesPlanCreationHandlerTest" time="4.67">
        </testcase>
        <testcase name="controllerTest" classname="Settlement_NewRecordType_ControllerTest" time="1.15">
        </testcase>
        <testcase name="runTest" classname="Settlement_Payment_TriggerTest" time="2.59">
        </testcase>
        <testcase name="runTest" classname="Settlement_TriggerTest" time="2.23">
            <failure message="System.TypeException: DML operation INSERT not allowed on Account"><![CDATA[Class.Settlement_TriggerTest.runTest: line 39, column 1]]></failure>
        </testcase>
        <testcase name="runTest" classname="Territory_TriggerTest" time="5.1">
        </testcase>
        <testcase name="testCommercialExperience" classname="TestFileCountCommercialExperience" time="0.51">
        </testcase>
        <testcase name="testFileCountPreCommercialTrials" classname="TestFileCountPreCommercialTrials" time="1.11">
        </testcase>
        <testcase name="theTest" classname="TestStageChannelAccountNSAPBatch" time="0.51">
        </testcase>
        <testcase name="theTest" classname="TestStageChannelAccountSFDCBatch" time="0.4">
        </testcase>
        <testcase name="theTest" classname="TestStageNSAPOrderBatch" time="0.39">
        </testcase>
        <testcase name="testData" classname="TestUpdateOpportunitySeedsAllocation" time="0.11">
        </testcase>
        <testcase name="testinsertseedsallocation" classname="TestUpdateOpportunitySeedsAllocation" time="0.74">
        </testcase>
        <testcase name="testseedsallocation" classname="TestUpdateOpportunitySeedsAllocation" time="0.12">
        </testcase>
        <testcase name="testMethod1" classname="Test_DynamicLinkController" time="0.39">
        </testcase>
        <testcase name="testRelatedPlan" classname="Test_UpdateRelatedPlan" time="3.84">
        </testcase>
        <testcase name="testRelatedPlan2" classname="Test_UpdateRelatedPlan" time="3.46">
        </testcase>
        <testcase name="UpdateDSPRelatedPlanTest2" classname="Test_UpdateRelatedPlan" time="4.07">
        </testcase>
        <testcase name="UpdateDSPRelatedPlanTest3" classname="Test_UpdateRelatedPlan" time="3.42">
        </testcase>
        <testcase name="dataTestMethod" classname="Test_UtilityClass" time="3.39">
        </testcase>
        <testcase name="testJson" classname="Test_WebsiteAccountHandler" time="0.02">
        </testcase>
        <testcase name="testWebsiteAccount" classname="Test_WebsiteAccountHandler" time="0.71">
        </testcase>
        <testcase name="updateAccountTerritory" classname="ValidateDistributorSelectionForSPTest" time="2.14">
        </testcase>
        <testcase name="validateDistributorSelectionInsertTest" classname="ValidateDistributorSelectionForSPTest" time="1.3">
        </testcase>
        <testcase name="validateDistributorSelectionTest" classname="ValidateDistributorSelectionForSPTest" time="0.99">
        </testcase>
    </testsuite>
</testsuites>
